<?xml version="1.0" encoding="UTF-8"?>
<testsuite name="org.example.MainTest" tests="2" skipped="0" failures="0" errors="0" timestamp="2022-09-29T05:58:35" hostname="405-01" time="0.016">
  <properties/>
  <testcase name="testSetMCurrentLevel()" classname="org.example.MainTest" time="0.014"/>
  <testcase name="testGetMCurrentLevel()" classname="org.example.MainTest" time="0.001"/>
  <system-out><![CDATA[]]></system-out>
  <system-err><![CDATA[]]></system-err>
</testsuite>
